<?xml version="1.0" encoding="UTF-8"?>
<!-- Generated by org.testng.reporters.JUnitReportReporter -->
<testsuite hostname="Salim-PC" failures="0" tests="2" name="multipleBrowsers.ParallelTest" time="9.234" errors="0" timestamp="2023-06-18T10:08:33 MDT" skipped="1">
  <testcase classname="multipleBrowsers.ParallelTest" name="fireFoxTest" time="9.234"/>
  <system-out/>
  <testcase classname="multipleBrowsers.ParallelTest" name="chromeTest">
    <skipped/>
  </testcase> <!-- chromeTest -->
  <system-out/>
</testsuite> <!-- multipleBrowsers.ParallelTest -->
