<?xml version="1.0" encoding="UTF-8"?>
<!-- Generated by org.testng.reporters.JUnitReportReporter -->
<testsuite hostname="Salim-PC" failures="0" tests="4" name="multipleBrowsers.CrossBrowsing" time="-1685920128.000" errors="1" timestamp="2023-06-04T17:10:00 MDT" skipped="3">
  <testcase classname="multipleBrowsers.CrossBrowsing" name="runInChrome" time="0.000">
    <skipped/>
  </testcase> <!-- runInChrome -->
  <system-out/>
  <testcase classname="multipleBrowsers.CrossBrowsing" name="runInEdge" time="0.000">
    <skipped/>
  </testcase> <!-- runInEdge -->
  <system-out/>
  <testcase classname="multipleBrowsers.CrossBrowsing" name="runInFirefox" time="0.000">
    <skipped/>
  </testcase> <!-- runInFirefox -->
  <system-out/>
  <testcase classname="multipleBrowsers.CrossBrowsing" name="openInMultipleBrowsers" time="-1685920128.000">
    <error message="
Parameter &#039;browser&#039; is required by BeforeClass on method openInMultipleBrowsers but has not been marked @Optional or defined
in C:\Users\salim\workspace\ParallelTesting\parallel.xml" type="org.testng.TestNGException">
      <![CDATA[org.testng.TestNGException: 
Parameter 'browser' is required by BeforeClass on method openInMultipleBrowsers but has not been marked @Optional or defined
in C:\Users\salim\workspace\ParallelTesting\parallel.xml
at org.testng.internal.Parameters.createParams(Parameters.java:267)
at org.testng.internal.Parameters.createParametersForMethod(Parameters.java:355)
at org.testng.internal.Parameters.createParameters(Parameters.java:684)
at org.testng.internal.Parameters.createConfigurationParameters(Parameters.java:166)
at org.testng.internal.invokers.ConfigInvoker.invokeConfigurations(ConfigInvoker.java:277)
at org.testng.internal.invokers.TestMethodWorker.invokeBeforeClassMethods(TestMethodWorker.java:180)
at org.testng.internal.invokers.TestMethodWorker.run(TestMethodWorker.java:122)
at java.base/java.util.concurrent.ThreadPoolExecutor.runWorker(ThreadPoolExecutor.java:1144)
at java.base/java.util.concurrent.ThreadPoolExecutor$Worker.run(ThreadPoolExecutor.java:642)
at java.base/java.lang.Thread.run(Thread.java:1623)
]]>
    </error>
  </testcase> <!-- openInMultipleBrowsers -->
  <system-out/>
</testsuite> <!-- multipleBrowsers.CrossBrowsing -->
