<?xml version="1.0" encoding="UTF-8"?>
<!-- Generated by org.testng.reporters.JUnitReportReporter -->
<testsuite hostname="Salim-PC" failures="0" tests="4" name="dataProvider.DataReading" time="35.183" errors="0" timestamp="2023-06-18T10:09:46 MDT" skipped="0">
  <testcase classname="dataProvider.DataReading" name="readDataFromCSV" time="0.006"/>
  <system-out/>
  <testcase classname="dataProvider.DataReading" name="readData" time="9.484"/>
  <system-out/>
  <testcase classname="dataProvider.DataReading" name="readData" time="9.745"/>
  <system-out/>
  <testcase classname="dataProvider.DataReading" name="readData" time="15.948"/>
  <system-out/>
</testsuite> <!-- dataProvider.DataReading -->
